{"E:\\Informatika\\Project\\Vite\\movie-bca\\src\\components\\container\\MoviesSlider\\MoviesSlider.tsx": {"path":"E:\\Informatika\\Project\\Vite\\movie-bca\\src\\components\\container\\MoviesSlider\\MoviesSlider.tsx","all":false,"statementMap":{"1":{"start":{"line":2,"column":0},"end":{"line":2,"column":33}},"2":{"start":{"line":3,"column":0},"end":{"line":3,"column":47}},"5":{"start":{"line":6,"column":0},"end":{"line":6,"column":55}},"6":{"start":{"line":7,"column":0},"end":{"line":7,"column":54}},"8":{"start":{"line":9,"column":0},"end":{"line":9,"column":18}},"9":{"start":{"line":10,"column":0},"end":{"line":10,"column":55}},"10":{"start":{"line":11,"column":0},"end":{"line":11,"column":3}},"12":{"start":{"line":13,"column":0},"end":{"line":13,"column":10}},"13":{"start":{"line":14,"column":0},"end":{"line":14,"column":42}},"14":{"start":{"line":15,"column":0},"end":{"line":15,"column":62}},"15":{"start":{"line":16,"column":0},"end":{"line":16,"column":80}},"16":{"start":{"line":17,"column":0},"end":{"line":17,"column":26}},"17":{"start":{"line":18,"column":0},"end":{"line":18,"column":13}},"18":{"start":{"line":19,"column":0},"end":{"line":19,"column":10}},"19":{"start":{"line":20,"column":0},"end":{"line":20,"column":36}},"20":{"start":{"line":21,"column":0},"end":{"line":21,"column":81}},"21":{"start":{"line":22,"column":0},"end":{"line":22,"column":9}},"23":{"start":{"line":24,"column":0},"end":{"line":24,"column":12}},"24":{"start":{"line":25,"column":0},"end":{"line":25,"column":12}},"26":{"start":{"line":27,"column":0},"end":{"line":27,"column":32}},"27":{"start":{"line":28,"column":0},"end":{"line":28,"column":97}},"28":{"start":{"line":29,"column":0},"end":{"line":29,"column":54}},"29":{"start":{"line":30,"column":0},"end":{"line":30,"column":17}},"30":{"start":{"line":31,"column":0},"end":{"line":31,"column":28}},"31":{"start":{"line":32,"column":0},"end":{"line":32,"column":27}},"32":{"start":{"line":33,"column":0},"end":{"line":33,"column":27}},"33":{"start":{"line":34,"column":0},"end":{"line":34,"column":39}},"34":{"start":{"line":35,"column":0},"end":{"line":35,"column":14}},"35":{"start":{"line":36,"column":0},"end":{"line":36,"column":13}},"36":{"start":{"line":37,"column":0},"end":{"line":37,"column":14}},"37":{"start":{"line":38,"column":0},"end":{"line":38,"column":12}},"38":{"start":{"line":39,"column":0},"end":{"line":39,"column":14}},"40":{"start":{"line":41,"column":0},"end":{"line":41,"column":2}},"42":{"start":{"line":43,"column":0},"end":{"line":43,"column":28}}},"s":{"1":1,"2":1,"5":1,"6":6,"8":6,"9":4,"10":4,"12":1,"13":1,"14":1,"15":1,"16":1,"17":1,"18":1,"19":1,"20":1,"21":1,"23":1,"24":1,"26":1,"27":1,"28":6,"29":20,"30":20,"31":20,"32":20,"33":20,"34":20,"35":6,"36":6,"37":6,"38":6,"40":6,"42":1},"branchMap":{"0":{"type":"branch","line":6,"loc":{"start":{"line":6,"column":21},"end":{"line":41,"column":2}},"locations":[{"start":{"line":6,"column":21},"end":{"line":41,"column":2}}]},"1":{"type":"branch","line":9,"loc":{"start":{"line":9,"column":17},"end":{"line":11,"column":3}},"locations":[{"start":{"line":9,"column":17},"end":{"line":11,"column":3}}]},"2":{"type":"branch","line":11,"loc":{"start":{"line":11,"column":2},"end":{"line":29,"column":26}},"locations":[{"start":{"line":11,"column":2},"end":{"line":29,"column":26}}]},"3":{"type":"branch","line":29,"loc":{"start":{"line":29,"column":26},"end":{"line":35,"column":14}},"locations":[{"start":{"line":29,"column":26},"end":{"line":35,"column":14}}]}},"b":{"0":[6],"1":[4],"2":[1],"3":[20]},"fnMap":{"0":{"name":"MoviesSlider","decl":{"start":{"line":6,"column":21},"end":{"line":41,"column":2}},"loc":{"start":{"line":6,"column":21},"end":{"line":41,"column":2}},"line":6}},"f":{"0":6}}
,"E:\\Informatika\\Project\\Vite\\movie-bca\\src\\components\\container\\MoviesSlider\\index.tsx": {"path":"E:\\Informatika\\Project\\Vite\\movie-bca\\src\\components\\container\\MoviesSlider\\index.tsx","all":true,"statementMap":{},"s":{},"branchMap":{"0":{"type":"branch","line":1,"loc":{"start":{"line":1,"column":0},"end":{"line":1,"column":0}},"locations":[{"start":{"line":1,"column":0},"end":{"line":1,"column":0}}]}},"b":{"0":[1]},"fnMap":{"0":{"name":"(empty-report)","decl":{"start":{"line":1,"column":0},"end":{"line":1,"column":0}},"loc":{"start":{"line":1,"column":0},"end":{"line":1,"column":0}},"line":1}},"f":{"0":1}}
,"E:\\Informatika\\Project\\Vite\\movie-bca\\src\\components\\layout\\footer\\Footer.tsx": {"path":"E:\\Informatika\\Project\\Vite\\movie-bca\\src\\components\\layout\\footer\\Footer.tsx","all":false,"statementMap":{"0":{"start":{"line":1,"column":0},"end":{"line":1,"column":26}},"2":{"start":{"line":3,"column":0},"end":{"line":3,"column":32}},"3":{"start":{"line":4,"column":0},"end":{"line":4,"column":10}},"4":{"start":{"line":5,"column":0},"end":{"line":5,"column":61}},"5":{"start":{"line":6,"column":0},"end":{"line":6,"column":48}},"6":{"start":{"line":7,"column":0},"end":{"line":7,"column":13}},"8":{"start":{"line":9,"column":0},"end":{"line":9,"column":2}},"10":{"start":{"line":11,"column":0},"end":{"line":11,"column":22}}},"s":{"0":1,"2":1,"3":1,"4":1,"5":1,"6":1,"8":1,"10":1},"branchMap":{"0":{"type":"branch","line":3,"loc":{"start":{"line":3,"column":25},"end":{"line":9,"column":2}},"locations":[{"start":{"line":3,"column":25},"end":{"line":9,"column":2}}]}},"b":{"0":[1]},"fnMap":{"0":{"name":"Footer","decl":{"start":{"line":3,"column":25},"end":{"line":9,"column":2}},"loc":{"start":{"line":3,"column":25},"end":{"line":9,"column":2}},"line":3}},"f":{"0":1}}
,"E:\\Informatika\\Project\\Vite\\movie-bca\\src\\components\\layout\\footer\\index.tsx": {"path":"E:\\Informatika\\Project\\Vite\\movie-bca\\src\\components\\layout\\footer\\index.tsx","all":false,"statementMap":{"0":{"start":{"line":1,"column":0},"end":{"line":1,"column":30}},"2":{"start":{"line":3,"column":0},"end":{"line":3,"column":22}}},"s":{"0":1,"2":1},"branchMap":{},"b":{},"fnMap":{},"f":{}}
,"E:\\Informatika\\Project\\Vite\\movie-bca\\src\\components\\layout\\navbar\\Navbar.tsx": {"path":"E:\\Informatika\\Project\\Vite\\movie-bca\\src\\components\\layout\\navbar\\Navbar.tsx","all":false,"statementMap":{"0":{"start":{"line":1,"column":0},"end":{"line":1,"column":26}},"2":{"start":{"line":3,"column":0},"end":{"line":3,"column":32}},"3":{"start":{"line":4,"column":0},"end":{"line":4,"column":10}},"4":{"start":{"line":5,"column":0},"end":{"line":5,"column":82}},"5":{"start":{"line":6,"column":0},"end":{"line":6,"column":44}},"7":{"start":{"line":8,"column":0},"end":{"line":8,"column":34}},"8":{"start":{"line":9,"column":0},"end":{"line":9,"column":63}},"10":{"start":{"line":11,"column":0},"end":{"line":11,"column":12}},"11":{"start":{"line":12,"column":0},"end":{"line":12,"column":70}},"13":{"start":{"line":14,"column":0},"end":{"line":14,"column":12}},"14":{"start":{"line":15,"column":0},"end":{"line":15,"column":12}},"15":{"start":{"line":16,"column":0},"end":{"line":16,"column":10}},"17":{"start":{"line":18,"column":0},"end":{"line":18,"column":2}},"19":{"start":{"line":20,"column":0},"end":{"line":20,"column":22}}},"s":{"0":1,"2":1,"3":1,"4":1,"5":1,"7":1,"8":1,"10":1,"11":1,"13":1,"14":1,"15":1,"17":1,"19":1},"branchMap":{"0":{"type":"branch","line":3,"loc":{"start":{"line":3,"column":25},"end":{"line":18,"column":2}},"locations":[{"start":{"line":3,"column":25},"end":{"line":18,"column":2}}]}},"b":{"0":[1]},"fnMap":{"0":{"name":"Navbar","decl":{"start":{"line":3,"column":25},"end":{"line":18,"column":2}},"loc":{"start":{"line":3,"column":25},"end":{"line":18,"column":2}},"line":3}},"f":{"0":1}}
,"E:\\Informatika\\Project\\Vite\\movie-bca\\src\\components\\layout\\navbar\\index.tsx": {"path":"E:\\Informatika\\Project\\Vite\\movie-bca\\src\\components\\layout\\navbar\\index.tsx","all":true,"statementMap":{"0":{"start":{"line":1,"column":0},"end":{"line":1,"column":30}},"2":{"start":{"line":3,"column":0},"end":{"line":3,"column":22}}},"s":{"0":0,"2":0},"branchMap":{"0":{"type":"branch","line":1,"loc":{"start":{"line":1,"column":56},"end":{"line":3,"column":22}},"locations":[{"start":{"line":1,"column":56},"end":{"line":3,"column":22}}]}},"b":{"0":[0]},"fnMap":{"0":{"name":"(empty-report)","decl":{"start":{"line":1,"column":56},"end":{"line":3,"column":22}},"loc":{"start":{"line":1,"column":56},"end":{"line":3,"column":22}},"line":1}},"f":{"0":0}}
,"E:\\Informatika\\Project\\Vite\\movie-bca\\src\\components\\layout\\wrapper\\index.tsx": {"path":"E:\\Informatika\\Project\\Vite\\movie-bca\\src\\components\\layout\\wrapper\\index.tsx","all":true,"statementMap":{"0":{"start":{"line":1,"column":0},"end":{"line":1,"column":73}},"1":{"start":{"line":2,"column":0},"end":{"line":2,"column":31}},"2":{"start":{"line":3,"column":0},"end":{"line":3,"column":31}},"4":{"start":{"line":5,"column":0},"end":{"line":5,"column":38}},"6":{"start":{"line":7,"column":0},"end":{"line":7,"column":56}},"7":{"start":{"line":8,"column":0},"end":{"line":8,"column":10}},"8":{"start":{"line":9,"column":0},"end":{"line":9,"column":46}},"9":{"start":{"line":10,"column":0},"end":{"line":10,"column":16}},"10":{"start":{"line":11,"column":0},"end":{"line":11,"column":21}},"11":{"start":{"line":12,"column":0},"end":{"line":12,"column":16}},"12":{"start":{"line":13,"column":0},"end":{"line":13,"column":26}},"14":{"start":{"line":15,"column":0},"end":{"line":15,"column":1}},"16":{"start":{"line":17,"column":0},"end":{"line":17,"column":42}}},"s":{"0":0,"1":0,"2":0,"4":0,"6":0,"7":0,"8":0,"9":0,"10":0,"11":0,"12":0,"14":0,"16":0},"branchMap":{"0":{"type":"branch","line":1,"loc":{"start":{"line":1,"column":443},"end":{"line":17,"column":42}},"locations":[{"start":{"line":1,"column":443},"end":{"line":17,"column":42}}]}},"b":{"0":[0]},"fnMap":{"0":{"name":"(empty-report)","decl":{"start":{"line":1,"column":443},"end":{"line":17,"column":42}},"loc":{"start":{"line":1,"column":443},"end":{"line":17,"column":42}},"line":1}},"f":{"0":0}}
,"E:\\Informatika\\Project\\Vite\\movie-bca\\src\\components\\pages\\category\\Categorypage.tsx": {"path":"E:\\Informatika\\Project\\Vite\\movie-bca\\src\\components\\pages\\category\\Categorypage.tsx","all":false,"statementMap":{"0":{"start":{"line":1,"column":0},"end":{"line":1,"column":26}},"2":{"start":{"line":3,"column":0},"end":{"line":3,"column":45}},"3":{"start":{"line":4,"column":0},"end":{"line":4,"column":40}},"4":{"start":{"line":5,"column":0},"end":{"line":5,"column":33}},"6":{"start":{"line":7,"column":0},"end":{"line":7,"column":43}},"7":{"start":{"line":8,"column":0},"end":{"line":8,"column":47}},"9":{"start":{"line":10,"column":0},"end":{"line":10,"column":38}},"10":{"start":{"line":11,"column":0},"end":{"line":11,"column":51}},"11":{"start":{"line":12,"column":0},"end":{"line":12,"column":75}},"12":{"start":{"line":13,"column":0},"end":{"line":13,"column":43}},"14":{"start":{"line":15,"column":0},"end":{"line":15,"column":10}},"15":{"start":{"line":16,"column":0},"end":{"line":16,"column":57}},"16":{"start":{"line":17,"column":0},"end":{"line":17,"column":77}},"17":{"start":{"line":18,"column":0},"end":{"line":18,"column":43}},"18":{"start":{"line":19,"column":0},"end":{"line":19,"column":47}},"19":{"start":{"line":20,"column":0},"end":{"line":20,"column":13}},"20":{"start":{"line":21,"column":0},"end":{"line":21,"column":42}},"21":{"start":{"line":22,"column":0},"end":{"line":22,"column":84}},"23":{"start":{"line":24,"column":0},"end":{"line":24,"column":12}},"24":{"start":{"line":25,"column":0},"end":{"line":25,"column":15}},"26":{"start":{"line":27,"column":0},"end":{"line":27,"column":50}},"27":{"start":{"line":28,"column":0},"end":{"line":28,"column":22}},"28":{"start":{"line":29,"column":0},"end":{"line":29,"column":65}},"29":{"start":{"line":30,"column":0},"end":{"line":30,"column":55}},"30":{"start":{"line":31,"column":0},"end":{"line":31,"column":16}},"32":{"start":{"line":33,"column":0},"end":{"line":33,"column":12}},"33":{"start":{"line":34,"column":0},"end":{"line":34,"column":121}},"34":{"start":{"line":35,"column":0},"end":{"line":35,"column":58}},"35":{"start":{"line":36,"column":0},"end":{"line":36,"column":21}},"36":{"start":{"line":37,"column":0},"end":{"line":37,"column":32}},"37":{"start":{"line":38,"column":0},"end":{"line":38,"column":31}},"38":{"start":{"line":39,"column":0},"end":{"line":39,"column":31}},"39":{"start":{"line":40,"column":0},"end":{"line":40,"column":77}},"40":{"start":{"line":41,"column":0},"end":{"line":41,"column":18}},"41":{"start":{"line":42,"column":0},"end":{"line":42,"column":17}},"42":{"start":{"line":43,"column":0},"end":{"line":43,"column":18}},"45":{"start":{"line":46,"column":0},"end":{"line":46,"column":45}},"46":{"start":{"line":47,"column":0},"end":{"line":47,"column":57}},"47":{"start":{"line":48,"column":0},"end":{"line":48,"column":30}},"48":{"start":{"line":49,"column":0},"end":{"line":49,"column":40}},"49":{"start":{"line":50,"column":0},"end":{"line":50,"column":64}},"50":{"start":{"line":51,"column":0},"end":{"line":51,"column":29}},"51":{"start":{"line":52,"column":0},"end":{"line":52,"column":89}},"53":{"start":{"line":54,"column":0},"end":{"line":54,"column":27}},"55":{"start":{"line":56,"column":0},"end":{"line":56,"column":72}},"56":{"start":{"line":57,"column":0},"end":{"line":57,"column":33}},"57":{"start":{"line":58,"column":0},"end":{"line":58,"column":89}},"59":{"start":{"line":60,"column":0},"end":{"line":60,"column":27}},"61":{"start":{"line":62,"column":0},"end":{"line":62,"column":38}},"62":{"start":{"line":63,"column":0},"end":{"line":63,"column":82}},"63":{"start":{"line":64,"column":0},"end":{"line":64,"column":68}},"64":{"start":{"line":65,"column":0},"end":{"line":65,"column":49}},"65":{"start":{"line":66,"column":0},"end":{"line":66,"column":66}},"66":{"start":{"line":67,"column":0},"end":{"line":67,"column":67}},"67":{"start":{"line":68,"column":0},"end":{"line":68,"column":46}},"68":{"start":{"line":69,"column":0},"end":{"line":69,"column":18}},"69":{"start":{"line":70,"column":0},"end":{"line":70,"column":20}},"71":{"start":{"line":72,"column":0},"end":{"line":72,"column":13}},"73":{"start":{"line":74,"column":0},"end":{"line":74,"column":13}},"74":{"start":{"line":75,"column":0},"end":{"line":75,"column":10}},"76":{"start":{"line":77,"column":0},"end":{"line":77,"column":2}},"78":{"start":{"line":79,"column":0},"end":{"line":79,"column":28}}},"s":{"0":1,"2":1,"3":1,"4":1,"6":1,"7":1,"9":1,"10":1,"11":1,"12":1,"14":1,"15":1,"16":1,"17":1,"18":1,"19":1,"20":1,"21":1,"23":1,"24":1,"26":1,"27":1,"28":1,"29":1,"30":1,"32":0,"33":0,"34":0,"35":0,"36":0,"37":0,"38":0,"39":0,"40":0,"41":0,"42":0,"45":0,"46":0,"47":0,"48":0,"49":0,"50":0,"51":0,"53":0,"55":0,"56":0,"57":0,"59":0,"61":0,"62":0,"63":0,"64":0,"65":0,"66":0,"67":0,"68":0,"69":0,"71":0,"73":1,"74":1,"76":1,"78":1},"branchMap":{"0":{"type":"branch","line":10,"loc":{"start":{"line":10,"column":31},"end":{"line":77,"column":2}},"locations":[{"start":{"line":10,"column":31},"end":{"line":77,"column":2}}]},"1":{"type":"branch","line":31,"loc":{"start":{"line":31,"column":10},"end":{"line":72,"column":13}},"locations":[{"start":{"line":31,"column":10},"end":{"line":72,"column":13}}]}},"b":{"0":[1],"1":[0]},"fnMap":{"0":{"name":"CategoryPage","decl":{"start":{"line":10,"column":31},"end":{"line":77,"column":2}},"loc":{"start":{"line":10,"column":31},"end":{"line":77,"column":2}},"line":10},"1":{"name":"onPageChange","decl":{"start":{"line":56,"column":32},"end":{"line":56,"column":72}},"loc":{"start":{"line":56,"column":32},"end":{"line":56,"column":72}},"line":56}},"f":{"0":1,"1":0}}
,"E:\\Informatika\\Project\\Vite\\movie-bca\\src\\components\\pages\\category\\helper.tsx": {"path":"E:\\Informatika\\Project\\Vite\\movie-bca\\src\\components\\pages\\category\\helper.tsx","all":false,"statementMap":{"0":{"start":{"line":1,"column":0},"end":{"line":1,"column":56}},"2":{"start":{"line":3,"column":0},"end":{"line":3,"column":61}},"3":{"start":{"line":4,"column":0},"end":{"line":4,"column":7}},"4":{"start":{"line":5,"column":0},"end":{"line":5,"column":57}},"5":{"start":{"line":6,"column":0},"end":{"line":6,"column":30}},"6":{"start":{"line":7,"column":0},"end":{"line":7,"column":21}},"7":{"start":{"line":8,"column":0},"end":{"line":8,"column":3}},"8":{"start":{"line":9,"column":0},"end":{"line":9,"column":2}}},"s":{"0":1,"2":1,"3":1,"4":1,"5":1,"6":0,"7":0,"8":1},"branchMap":{"0":{"type":"branch","line":3,"loc":{"start":{"line":3,"column":18},"end":{"line":9,"column":2}},"locations":[{"start":{"line":3,"column":18},"end":{"line":9,"column":2}}]},"1":{"type":"branch","line":6,"loc":{"start":{"line":6,"column":2},"end":{"line":8,"column":3}},"locations":[{"start":{"line":6,"column":2},"end":{"line":8,"column":3}}]}},"b":{"0":[1],"1":[0]},"fnMap":{"0":{"name":"getMovies","decl":{"start":{"line":3,"column":18},"end":{"line":9,"column":2}},"loc":{"start":{"line":3,"column":18},"end":{"line":9,"column":2}},"line":3}},"f":{"0":1}}
,"E:\\Informatika\\Project\\Vite\\movie-bca\\src\\components\\pages\\category\\index.tsx": {"path":"E:\\Informatika\\Project\\Vite\\movie-bca\\src\\components\\pages\\category\\index.tsx","all":false,"statementMap":{"0":{"start":{"line":1,"column":0},"end":{"line":1,"column":42}},"2":{"start":{"line":3,"column":0},"end":{"line":3,"column":28}}},"s":{"0":1,"2":1},"branchMap":{},"b":{},"fnMap":{},"f":{}}
,"E:\\Informatika\\Project\\Vite\\movie-bca\\src\\components\\pages\\category\\useCategory.tsx": {"path":"E:\\Informatika\\Project\\Vite\\movie-bca\\src\\components\\pages\\category\\useCategory.tsx","all":false,"statementMap":{"0":{"start":{"line":1,"column":0},"end":{"line":1,"column":49}},"1":{"start":{"line":2,"column":0},"end":{"line":2,"column":46}},"2":{"start":{"line":3,"column":0},"end":{"line":3,"column":37}},"4":{"start":{"line":5,"column":0},"end":{"line":5,"column":43}},"5":{"start":{"line":6,"column":0},"end":{"line":6,"column":46}},"7":{"start":{"line":8,"column":0},"end":{"line":8,"column":35}},"8":{"start":{"line":9,"column":0},"end":{"line":9,"column":42}},"9":{"start":{"line":10,"column":0},"end":{"line":10,"column":20}},"10":{"start":{"line":11,"column":0},"end":{"line":11,"column":4}},"12":{"start":{"line":13,"column":0},"end":{"line":13,"column":30}},"13":{"start":{"line":14,"column":0},"end":{"line":14,"column":44}},"14":{"start":{"line":15,"column":0},"end":{"line":15,"column":26}},"15":{"start":{"line":16,"column":0},"end":{"line":16,"column":5}},"17":{"start":{"line":18,"column":0},"end":{"line":18,"column":60}},"18":{"start":{"line":19,"column":0},"end":{"line":19,"column":36}},"19":{"start":{"line":20,"column":0},"end":{"line":20,"column":15}},"20":{"start":{"line":21,"column":0},"end":{"line":21,"column":17}},"21":{"start":{"line":22,"column":0},"end":{"line":22,"column":66}},"22":{"start":{"line":23,"column":0},"end":{"line":23,"column":17}},"23":{"start":{"line":24,"column":0},"end":{"line":24,"column":4}},"25":{"start":{"line":26,"column":0},"end":{"line":26,"column":10}},"26":{"start":{"line":27,"column":0},"end":{"line":27,"column":36}},"27":{"start":{"line":28,"column":0},"end":{"line":28,"column":35}},"28":{"start":{"line":29,"column":0},"end":{"line":29,"column":38}},"29":{"start":{"line":30,"column":0},"end":{"line":30,"column":12}},"30":{"start":{"line":31,"column":0},"end":{"line":31,"column":9}},"31":{"start":{"line":32,"column":0},"end":{"line":32,"column":23}},"32":{"start":{"line":33,"column":0},"end":{"line":33,"column":4}},"33":{"start":{"line":34,"column":0},"end":{"line":34,"column":2}},"35":{"start":{"line":36,"column":0},"end":{"line":36,"column":27}}},"s":{"0":1,"1":1,"2":1,"4":1,"5":1,"7":1,"8":1,"9":1,"10":1,"12":1,"13":1,"14":1,"15":1,"17":1,"18":2,"19":0,"20":0,"21":0,"22":0,"23":2,"25":1,"26":1,"27":1,"28":1,"29":1,"30":1,"31":1,"32":1,"33":1,"35":1},"branchMap":{"0":{"type":"branch","line":5,"loc":{"start":{"line":5,"column":20},"end":{"line":34,"column":2}},"locations":[{"start":{"line":5,"column":20},"end":{"line":34,"column":2}}]},"1":{"type":"branch","line":27,"loc":{"start":{"line":27,"column":25},"end":{"line":27,"column":36}},"locations":[{"start":{"line":27,"column":25},"end":{"line":27,"column":36}}]},"2":{"type":"branch","line":29,"loc":{"start":{"line":29,"column":26},"end":{"line":29,"column":38}},"locations":[{"start":{"line":29,"column":26},"end":{"line":29,"column":38}}]},"3":{"type":"branch","line":9,"loc":{"start":{"line":9,"column":4},"end":{"line":9,"column":42}},"locations":[{"start":{"line":9,"column":4},"end":{"line":9,"column":42}}]},"4":{"type":"branch","line":18,"loc":{"start":{"line":18,"column":29},"end":{"line":24,"column":4}},"locations":[{"start":{"line":18,"column":29},"end":{"line":24,"column":4}}]},"5":{"type":"branch","line":19,"loc":{"start":{"line":19,"column":22},"end":{"line":23,"column":17}},"locations":[{"start":{"line":19,"column":22},"end":{"line":23,"column":17}}]}},"b":{"0":[1],"1":[0],"2":[0],"3":[1],"4":[2],"5":[0]},"fnMap":{"0":{"name":"useCategory","decl":{"start":{"line":5,"column":20},"end":{"line":34,"column":2}},"loc":{"start":{"line":5,"column":20},"end":{"line":34,"column":2}},"line":5},"1":{"name":"formatCategoryName","decl":{"start":{"line":18,"column":29},"end":{"line":24,"column":4}},"loc":{"start":{"line":18,"column":29},"end":{"line":24,"column":4}},"line":18}},"f":{"0":1,"1":2}}
,"E:\\Informatika\\Project\\Vite\\movie-bca\\src\\components\\pages\\detail\\Detailpage.tsx": {"path":"E:\\Informatika\\Project\\Vite\\movie-bca\\src\\components\\pages\\detail\\Detailpage.tsx","all":false,"statementMap":{"0":{"start":{"line":1,"column":0},"end":{"line":1,"column":26}},"1":{"start":{"line":2,"column":0},"end":{"line":2,"column":45}},"3":{"start":{"line":4,"column":0},"end":{"line":4,"column":36}},"4":{"start":{"line":5,"column":0},"end":{"line":5,"column":47}},"6":{"start":{"line":7,"column":0},"end":{"line":7,"column":36}},"7":{"start":{"line":8,"column":0},"end":{"line":8,"column":43}},"8":{"start":{"line":9,"column":0},"end":{"line":9,"column":74}},"10":{"start":{"line":11,"column":0},"end":{"line":11,"column":18}},"11":{"start":{"line":12,"column":0},"end":{"line":12,"column":12}},"12":{"start":{"line":13,"column":0},"end":{"line":13,"column":81}},"13":{"start":{"line":14,"column":0},"end":{"line":14,"column":51}},"14":{"start":{"line":15,"column":0},"end":{"line":15,"column":12}},"16":{"start":{"line":17,"column":0},"end":{"line":17,"column":3}},"18":{"start":{"line":19,"column":0},"end":{"line":19,"column":21}},"19":{"start":{"line":20,"column":0},"end":{"line":20,"column":12}},"20":{"start":{"line":21,"column":0},"end":{"line":21,"column":101}},"21":{"start":{"line":22,"column":0},"end":{"line":22,"column":17}},"22":{"start":{"line":23,"column":0},"end":{"line":23,"column":63}},"23":{"start":{"line":24,"column":0},"end":{"line":24,"column":42}},"25":{"start":{"line":26,"column":0},"end":{"line":26,"column":12}},"26":{"start":{"line":27,"column":0},"end":{"line":27,"column":12}},"28":{"start":{"line":29,"column":0},"end":{"line":29,"column":3}},"30":{"start":{"line":31,"column":0},"end":{"line":31,"column":10}},"31":{"start":{"line":32,"column":0},"end":{"line":32,"column":57}},"32":{"start":{"line":33,"column":0},"end":{"line":33,"column":74}},"33":{"start":{"line":34,"column":0},"end":{"line":34,"column":12}},"34":{"start":{"line":35,"column":0},"end":{"line":35,"column":57}},"35":{"start":{"line":36,"column":0},"end":{"line":36,"column":18}},"36":{"start":{"line":37,"column":0},"end":{"line":37,"column":100}},"37":{"start":{"line":38,"column":0},"end":{"line":38,"column":38}},"38":{"start":{"line":39,"column":0},"end":{"line":39,"column":12}},"39":{"start":{"line":40,"column":0},"end":{"line":40,"column":10}},"40":{"start":{"line":41,"column":0},"end":{"line":41,"column":106}},"41":{"start":{"line":42,"column":0},"end":{"line":42,"column":12}},"43":{"start":{"line":44,"column":0},"end":{"line":44,"column":83}},"44":{"start":{"line":45,"column":0},"end":{"line":45,"column":57}},"45":{"start":{"line":46,"column":0},"end":{"line":46,"column":162}},"46":{"start":{"line":47,"column":0},"end":{"line":47,"column":16}},"47":{"start":{"line":48,"column":0},"end":{"line":48,"column":79}},"48":{"start":{"line":49,"column":0},"end":{"line":49,"column":37}},"49":{"start":{"line":50,"column":0},"end":{"line":50,"column":52}},"50":{"start":{"line":51,"column":0},"end":{"line":51,"column":14}},"51":{"start":{"line":52,"column":0},"end":{"line":52,"column":16}},"53":{"start":{"line":54,"column":0},"end":{"line":54,"column":47}},"54":{"start":{"line":55,"column":0},"end":{"line":55,"column":76}},"55":{"start":{"line":56,"column":0},"end":{"line":56,"column":33}},"56":{"start":{"line":57,"column":0},"end":{"line":57,"column":37}},"57":{"start":{"line":58,"column":0},"end":{"line":58,"column":79}},"59":{"start":{"line":60,"column":0},"end":{"line":60,"column":23}},"61":{"start":{"line":62,"column":0},"end":{"line":62,"column":17}},"63":{"start":{"line":64,"column":0},"end":{"line":64,"column":90}},"64":{"start":{"line":65,"column":0},"end":{"line":65,"column":84}},"65":{"start":{"line":66,"column":0},"end":{"line":66,"column":24}},"66":{"start":{"line":67,"column":0},"end":{"line":67,"column":66}},"67":{"start":{"line":68,"column":0},"end":{"line":68,"column":53}},"68":{"start":{"line":69,"column":0},"end":{"line":69,"column":44}},"69":{"start":{"line":70,"column":0},"end":{"line":70,"column":23}},"70":{"start":{"line":71,"column":0},"end":{"line":71,"column":20}},"72":{"start":{"line":73,"column":0},"end":{"line":73,"column":84}},"73":{"start":{"line":74,"column":0},"end":{"line":74,"column":25}},"74":{"start":{"line":75,"column":0},"end":{"line":75,"column":65}},"75":{"start":{"line":76,"column":0},"end":{"line":76,"column":20}},"77":{"start":{"line":78,"column":0},"end":{"line":78,"column":84}},"78":{"start":{"line":79,"column":0},"end":{"line":79,"column":25}},"79":{"start":{"line":80,"column":0},"end":{"line":80,"column":22}},"80":{"start":{"line":81,"column":0},"end":{"line":81,"column":75}},"81":{"start":{"line":82,"column":0},"end":{"line":82,"column":23}},"82":{"start":{"line":83,"column":0},"end":{"line":83,"column":20}},"84":{"start":{"line":85,"column":0},"end":{"line":85,"column":84}},"85":{"start":{"line":86,"column":0},"end":{"line":86,"column":25}},"86":{"start":{"line":87,"column":0},"end":{"line":87,"column":68}},"87":{"start":{"line":88,"column":0},"end":{"line":88,"column":20}},"88":{"start":{"line":89,"column":0},"end":{"line":89,"column":18}},"90":{"start":{"line":91,"column":0},"end":{"line":91,"column":55}},"91":{"start":{"line":92,"column":0},"end":{"line":92,"column":55}},"92":{"start":{"line":93,"column":0},"end":{"line":93,"column":21}},"93":{"start":{"line":94,"column":0},"end":{"line":94,"column":32}},"94":{"start":{"line":95,"column":0},"end":{"line":95,"column":95}},"96":{"start":{"line":97,"column":0},"end":{"line":97,"column":30}},"97":{"start":{"line":98,"column":0},"end":{"line":98,"column":23}},"98":{"start":{"line":99,"column":0},"end":{"line":99,"column":17}},"99":{"start":{"line":100,"column":0},"end":{"line":100,"column":18}},"101":{"start":{"line":102,"column":0},"end":{"line":102,"column":37}},"102":{"start":{"line":103,"column":0},"end":{"line":103,"column":63}},"103":{"start":{"line":104,"column":0},"end":{"line":104,"column":39}},"104":{"start":{"line":105,"column":0},"end":{"line":105,"column":18}},"107":{"start":{"line":108,"column":0},"end":{"line":108,"column":34}},"108":{"start":{"line":109,"column":0},"end":{"line":109,"column":88}},"110":{"start":{"line":111,"column":0},"end":{"line":111,"column":19}},"111":{"start":{"line":112,"column":0},"end":{"line":112,"column":59}},"112":{"start":{"line":113,"column":0},"end":{"line":113,"column":38}},"113":{"start":{"line":114,"column":0},"end":{"line":114,"column":18}},"114":{"start":{"line":115,"column":0},"end":{"line":115,"column":18}},"115":{"start":{"line":116,"column":0},"end":{"line":116,"column":16}},"116":{"start":{"line":117,"column":0},"end":{"line":117,"column":14}},"117":{"start":{"line":118,"column":0},"end":{"line":118,"column":12}},"118":{"start":{"line":119,"column":0},"end":{"line":119,"column":67}},"119":{"start":{"line":120,"column":0},"end":{"line":120,"column":78}},"120":{"start":{"line":121,"column":0},"end":{"line":121,"column":77}},"121":{"start":{"line":122,"column":0},"end":{"line":122,"column":85}},"123":{"start":{"line":124,"column":0},"end":{"line":124,"column":17}},"124":{"start":{"line":125,"column":0},"end":{"line":125,"column":38}},"125":{"start":{"line":126,"column":0},"end":{"line":126,"column":51}},"126":{"start":{"line":127,"column":0},"end":{"line":127,"column":61}},"127":{"start":{"line":128,"column":0},"end":{"line":128,"column":49}},"128":{"start":{"line":129,"column":0},"end":{"line":129,"column":19}},"129":{"start":{"line":130,"column":0},"end":{"line":130,"column":51}},"130":{"start":{"line":131,"column":0},"end":{"line":131,"column":67}},"131":{"start":{"line":132,"column":0},"end":{"line":132,"column":22}},"132":{"start":{"line":133,"column":0},"end":{"line":133,"column":73}},"133":{"start":{"line":134,"column":0},"end":{"line":134,"column":28}},"134":{"start":{"line":135,"column":0},"end":{"line":135,"column":21}},"135":{"start":{"line":136,"column":0},"end":{"line":136,"column":38}},"136":{"start":{"line":137,"column":0},"end":{"line":137,"column":36}},"137":{"start":{"line":138,"column":0},"end":{"line":138,"column":37}},"138":{"start":{"line":139,"column":0},"end":{"line":139,"column":21}},"139":{"start":{"line":140,"column":0},"end":{"line":140,"column":20}},"140":{"start":{"line":141,"column":0},"end":{"line":141,"column":23}},"141":{"start":{"line":142,"column":0},"end":{"line":142,"column":19}},"142":{"start":{"line":143,"column":0},"end":{"line":143,"column":17}},"143":{"start":{"line":144,"column":0},"end":{"line":144,"column":16}},"144":{"start":{"line":145,"column":0},"end":{"line":145,"column":77}},"145":{"start":{"line":146,"column":0},"end":{"line":146,"column":85}},"147":{"start":{"line":148,"column":0},"end":{"line":148,"column":17}},"148":{"start":{"line":149,"column":0},"end":{"line":149,"column":38}},"149":{"start":{"line":150,"column":0},"end":{"line":150,"column":51}},"150":{"start":{"line":151,"column":0},"end":{"line":151,"column":72}},"151":{"start":{"line":152,"column":0},"end":{"line":152,"column":22}},"153":{"start":{"line":154,"column":0},"end":{"line":154,"column":54}},"154":{"start":{"line":155,"column":0},"end":{"line":155,"column":36}},"155":{"start":{"line":156,"column":0},"end":{"line":156,"column":72}},"156":{"start":{"line":157,"column":0},"end":{"line":157,"column":35}},"158":{"start":{"line":159,"column":0},"end":{"line":159,"column":23}},"159":{"start":{"line":160,"column":0},"end":{"line":160,"column":19}},"160":{"start":{"line":161,"column":0},"end":{"line":161,"column":17}},"161":{"start":{"line":162,"column":0},"end":{"line":162,"column":16}},"162":{"start":{"line":163,"column":0},"end":{"line":163,"column":77}},"163":{"start":{"line":164,"column":0},"end":{"line":164,"column":85}},"165":{"start":{"line":166,"column":0},"end":{"line":166,"column":17}},"166":{"start":{"line":167,"column":0},"end":{"line":167,"column":38}},"167":{"start":{"line":168,"column":0},"end":{"line":168,"column":18}},"168":{"start":{"line":169,"column":0},"end":{"line":169,"column":75}},"169":{"start":{"line":170,"column":0},"end":{"line":170,"column":54}},"170":{"start":{"line":171,"column":0},"end":{"line":171,"column":75}},"171":{"start":{"line":172,"column":0},"end":{"line":172,"column":25}},"172":{"start":{"line":173,"column":0},"end":{"line":173,"column":46}},"173":{"start":{"line":174,"column":0},"end":{"line":174,"column":76}},"175":{"start":{"line":176,"column":0},"end":{"line":176,"column":36}},"176":{"start":{"line":177,"column":0},"end":{"line":177,"column":27}},"177":{"start":{"line":178,"column":0},"end":{"line":178,"column":21}},"178":{"start":{"line":179,"column":0},"end":{"line":179,"column":22}},"179":{"start":{"line":180,"column":0},"end":{"line":180,"column":19}},"180":{"start":{"line":181,"column":0},"end":{"line":181,"column":17}},"181":{"start":{"line":182,"column":0},"end":{"line":182,"column":16}},"182":{"start":{"line":183,"column":0},"end":{"line":183,"column":14}},"183":{"start":{"line":184,"column":0},"end":{"line":184,"column":34}},"184":{"start":{"line":185,"column":0},"end":{"line":185,"column":45}},"185":{"start":{"line":186,"column":0},"end":{"line":186,"column":14}},"186":{"start":{"line":187,"column":0},"end":{"line":187,"column":41}},"187":{"start":{"line":188,"column":0},"end":{"line":188,"column":29}},"188":{"start":{"line":189,"column":0},"end":{"line":189,"column":39}},"189":{"start":{"line":190,"column":0},"end":{"line":190,"column":130}},"190":{"start":{"line":191,"column":0},"end":{"line":191,"column":13}},"192":{"start":{"line":193,"column":0},"end":{"line":193,"column":16}},"193":{"start":{"line":194,"column":0},"end":{"line":194,"column":16}},"195":{"start":{"line":196,"column":0},"end":{"line":196,"column":12}},"196":{"start":{"line":197,"column":0},"end":{"line":197,"column":10}},"198":{"start":{"line":199,"column":0},"end":{"line":199,"column":2}},"200":{"start":{"line":201,"column":0},"end":{"line":201,"column":26}}},"s":{"0":1,"1":1,"3":1,"4":1,"6":1,"7":1,"8":1,"10":1,"11":1,"12":1,"13":1,"14":1,"16":1,"18":0,"19":0,"20":0,"21":0,"22":0,"23":0,"25":0,"26":0,"28":0,"30":0,"31":0,"32":0,"33":0,"34":0,"35":0,"36":0,"37":0,"38":0,"39":0,"40":0,"41":0,"43":0,"44":0,"45":0,"46":0,"47":0,"48":0,"49":0,"50":0,"51":0,"53":0,"54":0,"55":0,"56":0,"57":0,"59":0,"61":1,"63":1,"64":1,"65":1,"66":1,"67":1,"68":1,"69":1,"70":1,"72":1,"73":1,"74":1,"75":1,"77":1,"78":1,"79":1,"80":1,"81":1,"82":1,"84":1,"85":1,"86":1,"87":1,"88":1,"90":1,"91":1,"92":0,"93":0,"94":0,"96":0,"97":0,"98":1,"99":1,"101":1,"102":0,"103":0,"104":0,"107":1,"108":1,"110":1,"111":1,"112":1,"113":1,"114":1,"115":1,"116":1,"117":1,"118":1,"119":1,"120":1,"121":1,"123":1,"124":1,"125":1,"126":1,"127":1,"128":1,"129":1,"130":1,"131":1,"132":1,"133":1,"134":1,"135":1,"136":1,"137":1,"138":1,"139":1,"140":1,"141":1,"142":1,"143":1,"144":1,"145":1,"147":1,"148":1,"149":1,"150":1,"151":1,"153":1,"154":1,"155":0,"156":1,"158":1,"159":1,"160":1,"161":1,"162":1,"163":1,"165":1,"166":1,"167":1,"168":1,"169":1,"170":1,"171":0,"172":0,"173":0,"175":0,"176":0,"177":1,"178":1,"179":1,"180":1,"181":1,"182":1,"183":1,"184":0,"185":0,"186":0,"187":0,"188":0,"189":0,"190":0,"192":0,"193":0,"195":1,"196":1,"198":1,"200":1},"branchMap":{"0":{"type":"branch","line":7,"loc":{"start":{"line":7,"column":29},"end":{"line":199,"column":2}},"locations":[{"start":{"line":7,"column":29},"end":{"line":199,"column":2}}]},"1":{"type":"branch","line":17,"loc":{"start":{"line":17,"column":2},"end":{"line":60,"column":23}},"locations":[{"start":{"line":17,"column":2},"end":{"line":60,"column":23}}]},"2":{"type":"branch","line":102,"loc":{"start":{"line":102,"column":25},"end":{"line":105,"column":18}},"locations":[{"start":{"line":102,"column":25},"end":{"line":105,"column":18}}]},"3":{"type":"branch","line":157,"loc":{"start":{"line":157,"column":20},"end":{"line":157,"column":35}},"locations":[{"start":{"line":157,"column":20},"end":{"line":157,"column":35}}]},"4":{"type":"branch","line":184,"loc":{"start":{"line":184,"column":21},"end":{"line":194,"column":16}},"locations":[{"start":{"line":184,"column":21},"end":{"line":194,"column":16}}]}},"b":{"0":[1],"1":[0],"2":[0],"3":[0],"4":[0]},"fnMap":{"0":{"name":"DetailPage","decl":{"start":{"line":7,"column":29},"end":{"line":199,"column":2}},"loc":{"start":{"line":7,"column":29},"end":{"line":199,"column":2}},"line":7}},"f":{"0":1}}
,"E:\\Informatika\\Project\\Vite\\movie-bca\\src\\components\\pages\\detail\\helper.ts": {"path":"E:\\Informatika\\Project\\Vite\\movie-bca\\src\\components\\pages\\detail\\helper.ts","all":false,"statementMap":{"0":{"start":{"line":1,"column":0},"end":{"line":1,"column":56}},"2":{"start":{"line":3,"column":0},"end":{"line":3,"column":40}},"3":{"start":{"line":4,"column":0},"end":{"line":4,"column":7}},"4":{"start":{"line":5,"column":0},"end":{"line":5,"column":58}},"5":{"start":{"line":6,"column":0},"end":{"line":6,"column":30}},"6":{"start":{"line":7,"column":0},"end":{"line":7,"column":21}},"7":{"start":{"line":8,"column":0},"end":{"line":8,"column":3}},"8":{"start":{"line":9,"column":0},"end":{"line":9,"column":2}}},"s":{"0":1,"2":1,"3":1,"4":1,"5":1,"6":0,"7":0,"8":1},"branchMap":{"0":{"type":"branch","line":3,"loc":{"start":{"line":3,"column":17},"end":{"line":9,"column":2}},"locations":[{"start":{"line":3,"column":17},"end":{"line":9,"column":2}}]},"1":{"type":"branch","line":6,"loc":{"start":{"line":6,"column":2},"end":{"line":8,"column":3}},"locations":[{"start":{"line":6,"column":2},"end":{"line":8,"column":3}}]}},"b":{"0":[1],"1":[0]},"fnMap":{"0":{"name":"getMovie","decl":{"start":{"line":3,"column":17},"end":{"line":9,"column":2}},"loc":{"start":{"line":3,"column":17},"end":{"line":9,"column":2}},"line":3}},"f":{"0":1}}
,"E:\\Informatika\\Project\\Vite\\movie-bca\\src\\components\\pages\\detail\\index.tsx": {"path":"E:\\Informatika\\Project\\Vite\\movie-bca\\src\\components\\pages\\detail\\index.tsx","all":false,"statementMap":{"0":{"start":{"line":1,"column":0},"end":{"line":1,"column":38}},"2":{"start":{"line":3,"column":0},"end":{"line":3,"column":26}}},"s":{"0":1,"2":1},"branchMap":{},"b":{},"fnMap":{},"f":{}}
,"E:\\Informatika\\Project\\Vite\\movie-bca\\src\\components\\pages\\detail\\useDetail.tsx": {"path":"E:\\Informatika\\Project\\Vite\\movie-bca\\src\\components\\pages\\detail\\useDetail.tsx","all":false,"statementMap":{"0":{"start":{"line":1,"column":0},"end":{"line":1,"column":36}},"1":{"start":{"line":2,"column":0},"end":{"line":2,"column":36}},"2":{"start":{"line":3,"column":0},"end":{"line":3,"column":49}},"4":{"start":{"line":5,"column":0},"end":{"line":5,"column":35}},"5":{"start":{"line":6,"column":0},"end":{"line":6,"column":69}},"7":{"start":{"line":8,"column":0},"end":{"line":8,"column":32}},"8":{"start":{"line":9,"column":0},"end":{"line":9,"column":34}},"9":{"start":{"line":10,"column":0},"end":{"line":10,"column":28}},"10":{"start":{"line":11,"column":0},"end":{"line":11,"column":5}},"12":{"start":{"line":13,"column":0},"end":{"line":13,"column":46}},"13":{"start":{"line":14,"column":0},"end":{"line":14,"column":43}},"14":{"start":{"line":15,"column":0},"end":{"line":15,"column":30}},"15":{"start":{"line":16,"column":0},"end":{"line":16,"column":32}},"16":{"start":{"line":17,"column":0},"end":{"line":17,"column":4}},"17":{"start":{"line":18,"column":0},"end":{"line":18,"column":10}},"18":{"start":{"line":19,"column":0},"end":{"line":19,"column":34}},"19":{"start":{"line":20,"column":0},"end":{"line":20,"column":37}},"20":{"start":{"line":21,"column":0},"end":{"line":21,"column":18}},"21":{"start":{"line":22,"column":0},"end":{"line":22,"column":4}},"22":{"start":{"line":23,"column":0},"end":{"line":23,"column":2}},"24":{"start":{"line":25,"column":0},"end":{"line":25,"column":25}}},"s":{"0":1,"1":1,"2":1,"4":1,"5":1,"7":1,"8":1,"9":1,"10":1,"12":1,"13":0,"14":0,"15":0,"16":0,"17":1,"18":1,"19":1,"20":1,"21":1,"22":1,"24":1},"branchMap":{"0":{"type":"branch","line":5,"loc":{"start":{"line":5,"column":18},"end":{"line":23,"column":2}},"locations":[{"start":{"line":5,"column":18},"end":{"line":23,"column":2}}]},"1":{"type":"branch","line":6,"loc":{"start":{"line":6,"column":37},"end":{"line":6,"column":63}},"locations":[{"start":{"line":6,"column":37},"end":{"line":6,"column":63}}]}},"b":{"0":[1],"1":[1]},"fnMap":{"0":{"name":"useDetail","decl":{"start":{"line":5,"column":18},"end":{"line":23,"column":2}},"loc":{"start":{"line":5,"column":18},"end":{"line":23,"column":2}},"line":5},"1":{"name":"formatRuntime","decl":{"start":{"line":13,"column":24},"end":{"line":17,"column":4}},"loc":{"start":{"line":13,"column":24},"end":{"line":17,"column":4}},"line":13}},"f":{"0":1,"1":0}}
,"E:\\Informatika\\Project\\Vite\\movie-bca\\src\\components\\pages\\explore\\Explorepage.tsx": {"path":"E:\\Informatika\\Project\\Vite\\movie-bca\\src\\components\\pages\\explore\\Explorepage.tsx","all":false,"statementMap":{"0":{"start":{"line":1,"column":0},"end":{"line":1,"column":26}},"1":{"start":{"line":2,"column":0},"end":{"line":2,"column":43}},"3":{"start":{"line":4,"column":0},"end":{"line":4,"column":37}},"4":{"start":{"line":5,"column":0},"end":{"line":5,"column":33}},"5":{"start":{"line":6,"column":0},"end":{"line":6,"column":35}},"6":{"start":{"line":7,"column":0},"end":{"line":7,"column":38}},"7":{"start":{"line":8,"column":0},"end":{"line":8,"column":47}},"9":{"start":{"line":10,"column":0},"end":{"line":10,"column":37}},"10":{"start":{"line":11,"column":0},"end":{"line":11,"column":9}},"11":{"start":{"line":12,"column":0},"end":{"line":12,"column":14}},"12":{"start":{"line":13,"column":0},"end":{"line":13,"column":10}},"13":{"start":{"line":14,"column":0},"end":{"line":14,"column":15}},"14":{"start":{"line":15,"column":0},"end":{"line":15,"column":12}},"15":{"start":{"line":16,"column":0},"end":{"line":16,"column":12}},"16":{"start":{"line":17,"column":0},"end":{"line":17,"column":15}},"17":{"start":{"line":18,"column":0},"end":{"line":18,"column":14}},"18":{"start":{"line":19,"column":0},"end":{"line":19,"column":17}},"19":{"start":{"line":20,"column":0},"end":{"line":20,"column":19}},"21":{"start":{"line":22,"column":0},"end":{"line":22,"column":10}},"22":{"start":{"line":23,"column":0},"end":{"line":23,"column":58}},"23":{"start":{"line":24,"column":0},"end":{"line":24,"column":103}},"24":{"start":{"line":25,"column":0},"end":{"line":25,"column":55}},"25":{"start":{"line":26,"column":0},"end":{"line":26,"column":62}},"27":{"start":{"line":28,"column":0},"end":{"line":28,"column":15}},"29":{"start":{"line":30,"column":0},"end":{"line":30,"column":70}},"30":{"start":{"line":31,"column":0},"end":{"line":31,"column":45}},"31":{"start":{"line":32,"column":0},"end":{"line":32,"column":20}},"32":{"start":{"line":33,"column":0},"end":{"line":33,"column":27}},"33":{"start":{"line":34,"column":0},"end":{"line":34,"column":50}},"34":{"start":{"line":35,"column":0},"end":{"line":35,"column":31}},"35":{"start":{"line":36,"column":0},"end":{"line":36,"column":60}},"36":{"start":{"line":37,"column":0},"end":{"line":37,"column":153}},"37":{"start":{"line":38,"column":0},"end":{"line":38,"column":16}},"38":{"start":{"line":39,"column":0},"end":{"line":39,"column":18}},"39":{"start":{"line":40,"column":0},"end":{"line":40,"column":19}},"40":{"start":{"line":41,"column":0},"end":{"line":41,"column":27}},"41":{"start":{"line":42,"column":0},"end":{"line":42,"column":101}},"42":{"start":{"line":43,"column":0},"end":{"line":43,"column":13}},"44":{"start":{"line":45,"column":0},"end":{"line":45,"column":21}},"45":{"start":{"line":46,"column":0},"end":{"line":46,"column":17}},"46":{"start":{"line":47,"column":0},"end":{"line":47,"column":14}},"47":{"start":{"line":48,"column":0},"end":{"line":48,"column":16}},"49":{"start":{"line":50,"column":0},"end":{"line":50,"column":53}},"50":{"start":{"line":51,"column":0},"end":{"line":51,"column":22}},"51":{"start":{"line":52,"column":0},"end":{"line":52,"column":65}},"52":{"start":{"line":53,"column":0},"end":{"line":53,"column":55}},"53":{"start":{"line":54,"column":0},"end":{"line":54,"column":16}},"55":{"start":{"line":56,"column":0},"end":{"line":56,"column":12}},"56":{"start":{"line":57,"column":0},"end":{"line":57,"column":29}},"57":{"start":{"line":58,"column":0},"end":{"line":58,"column":49}},"58":{"start":{"line":59,"column":0},"end":{"line":59,"column":58}},"60":{"start":{"line":61,"column":0},"end":{"line":61,"column":21}},"61":{"start":{"line":62,"column":0},"end":{"line":62,"column":62}},"64":{"start":{"line":65,"column":0},"end":{"line":65,"column":20}},"65":{"start":{"line":66,"column":0},"end":{"line":66,"column":20}},"67":{"start":{"line":68,"column":0},"end":{"line":68,"column":16}},"68":{"start":{"line":69,"column":0},"end":{"line":69,"column":59}},"69":{"start":{"line":70,"column":0},"end":{"line":70,"column":42}},"70":{"start":{"line":71,"column":0},"end":{"line":71,"column":65}},"71":{"start":{"line":72,"column":0},"end":{"line":72,"column":21}},"73":{"start":{"line":74,"column":0},"end":{"line":74,"column":44}},"74":{"start":{"line":75,"column":0},"end":{"line":75,"column":53}},"75":{"start":{"line":76,"column":0},"end":{"line":76,"column":76}},"76":{"start":{"line":77,"column":0},"end":{"line":77,"column":54}},"78":{"start":{"line":79,"column":0},"end":{"line":79,"column":24}},"79":{"start":{"line":80,"column":0},"end":{"line":80,"column":24}},"81":{"start":{"line":82,"column":0},"end":{"line":82,"column":20}},"82":{"start":{"line":83,"column":0},"end":{"line":83,"column":114}},"83":{"start":{"line":84,"column":0},"end":{"line":84,"column":66}},"84":{"start":{"line":85,"column":0},"end":{"line":85,"column":29}},"85":{"start":{"line":86,"column":0},"end":{"line":86,"column":40}},"86":{"start":{"line":87,"column":0},"end":{"line":87,"column":39}},"87":{"start":{"line":88,"column":0},"end":{"line":88,"column":39}},"88":{"start":{"line":89,"column":0},"end":{"line":89,"column":74}},"89":{"start":{"line":90,"column":0},"end":{"line":90,"column":26}},"90":{"start":{"line":91,"column":0},"end":{"line":91,"column":25}},"91":{"start":{"line":92,"column":0},"end":{"line":92,"column":26}},"94":{"start":{"line":95,"column":0},"end":{"line":95,"column":40}},"95":{"start":{"line":96,"column":0},"end":{"line":96,"column":65}},"96":{"start":{"line":97,"column":0},"end":{"line":97,"column":38}},"97":{"start":{"line":98,"column":0},"end":{"line":98,"column":48}},"98":{"start":{"line":99,"column":0},"end":{"line":99,"column":72}},"99":{"start":{"line":100,"column":0},"end":{"line":100,"column":37}},"100":{"start":{"line":101,"column":0},"end":{"line":101,"column":97}},"102":{"start":{"line":103,"column":0},"end":{"line":103,"column":35}},"104":{"start":{"line":105,"column":0},"end":{"line":105,"column":80}},"105":{"start":{"line":106,"column":0},"end":{"line":106,"column":41}},"106":{"start":{"line":107,"column":0},"end":{"line":107,"column":97}},"108":{"start":{"line":109,"column":0},"end":{"line":109,"column":35}},"110":{"start":{"line":111,"column":0},"end":{"line":111,"column":46}},"111":{"start":{"line":112,"column":0},"end":{"line":112,"column":90}},"112":{"start":{"line":113,"column":0},"end":{"line":113,"column":76}},"113":{"start":{"line":114,"column":0},"end":{"line":114,"column":57}},"114":{"start":{"line":115,"column":0},"end":{"line":115,"column":74}},"115":{"start":{"line":116,"column":0},"end":{"line":116,"column":75}},"116":{"start":{"line":117,"column":0},"end":{"line":117,"column":26}},"117":{"start":{"line":118,"column":0},"end":{"line":118,"column":28}},"119":{"start":{"line":120,"column":0},"end":{"line":120,"column":21}},"121":{"start":{"line":122,"column":0},"end":{"line":122,"column":17}},"123":{"start":{"line":124,"column":0},"end":{"line":124,"column":13}},"125":{"start":{"line":126,"column":0},"end":{"line":126,"column":16}},"126":{"start":{"line":127,"column":0},"end":{"line":127,"column":10}},"128":{"start":{"line":129,"column":0},"end":{"line":129,"column":2}},"130":{"start":{"line":131,"column":0},"end":{"line":131,"column":27}}},"s":{"0":1,"1":1,"3":1,"4":1,"5":1,"6":1,"7":1,"9":1,"10":2,"11":2,"12":2,"13":2,"14":2,"15":2,"16":2,"17":2,"18":2,"19":2,"21":2,"22":2,"23":2,"24":2,"25":2,"27":2,"29":2,"30":2,"31":2,"32":2,"33":2,"34":2,"35":2,"36":2,"37":2,"38":2,"39":2,"40":2,"41":2,"42":2,"44":2,"45":2,"46":2,"47":2,"49":2,"50":2,"51":2,"52":2,"53":2,"55":0,"56":0,"57":0,"58":0,"60":0,"61":0,"64":0,"65":0,"67":0,"68":0,"69":0,"70":0,"71":0,"73":0,"74":0,"75":0,"76":0,"78":0,"79":0,"81":0,"82":0,"83":0,"84":0,"85":0,"86":0,"87":0,"88":0,"89":0,"90":0,"91":0,"94":0,"95":0,"96":0,"97":0,"98":0,"99":0,"100":0,"102":0,"104":0,"105":0,"106":0,"108":0,"110":0,"111":0,"112":0,"113":0,"114":0,"115":0,"116":0,"117":0,"119":0,"121":0,"123":0,"125":2,"126":2,"128":2,"130":1},"branchMap":{"0":{"type":"branch","line":10,"loc":{"start":{"line":10,"column":30},"end":{"line":129,"column":2}},"locations":[{"start":{"line":10,"column":30},"end":{"line":129,"column":2}}]},"1":{"type":"branch","line":54,"loc":{"start":{"line":54,"column":10},"end":{"line":124,"column":13}},"locations":[{"start":{"line":54,"column":10},"end":{"line":124,"column":13}}]}},"b":{"0":[2],"1":[0]},"fnMap":{"0":{"name":"ExplorePage","decl":{"start":{"line":10,"column":30},"end":{"line":129,"column":2}},"loc":{"start":{"line":10,"column":30},"end":{"line":129,"column":2}},"line":10},"1":{"name":"onChange","decl":{"start":{"line":36,"column":26},"end":{"line":36,"column":60}},"loc":{"start":{"line":36,"column":26},"end":{"line":36,"column":60}},"line":36},"2":{"name":"onPageChange","decl":{"start":{"line":105,"column":40},"end":{"line":105,"column":80}},"loc":{"start":{"line":105,"column":40},"end":{"line":105,"column":80}},"line":105}},"f":{"0":2,"1":0,"2":0}}
,"E:\\Informatika\\Project\\Vite\\movie-bca\\src\\components\\pages\\explore\\helper.ts": {"path":"E:\\Informatika\\Project\\Vite\\movie-bca\\src\\components\\pages\\explore\\helper.ts","all":false,"statementMap":{"0":{"start":{"line":1,"column":0},"end":{"line":1,"column":56}},"2":{"start":{"line":3,"column":0},"end":{"line":3,"column":58}},"3":{"start":{"line":4,"column":0},"end":{"line":4,"column":7}},"4":{"start":{"line":5,"column":0},"end":{"line":5,"column":52}},"5":{"start":{"line":6,"column":0},"end":{"line":6,"column":30}},"6":{"start":{"line":7,"column":0},"end":{"line":7,"column":21}},"7":{"start":{"line":8,"column":0},"end":{"line":8,"column":3}},"8":{"start":{"line":9,"column":0},"end":{"line":9,"column":2}}},"s":{"0":1,"2":1,"3":1,"4":1,"5":1,"6":0,"7":0,"8":1},"branchMap":{"0":{"type":"branch","line":3,"loc":{"start":{"line":3,"column":18},"end":{"line":9,"column":2}},"locations":[{"start":{"line":3,"column":18},"end":{"line":9,"column":2}}]},"1":{"type":"branch","line":6,"loc":{"start":{"line":6,"column":2},"end":{"line":8,"column":3}},"locations":[{"start":{"line":6,"column":2},"end":{"line":8,"column":3}}]}},"b":{"0":[1],"1":[0]},"fnMap":{"0":{"name":"getMovies","decl":{"start":{"line":3,"column":18},"end":{"line":9,"column":2}},"loc":{"start":{"line":3,"column":18},"end":{"line":9,"column":2}},"line":3}},"f":{"0":1}}
,"E:\\Informatika\\Project\\Vite\\movie-bca\\src\\components\\pages\\explore\\index.tsx": {"path":"E:\\Informatika\\Project\\Vite\\movie-bca\\src\\components\\pages\\explore\\index.tsx","all":false,"statementMap":{"0":{"start":{"line":1,"column":0},"end":{"line":1,"column":40}},"2":{"start":{"line":3,"column":0},"end":{"line":3,"column":27}}},"s":{"0":1,"2":1},"branchMap":{},"b":{},"fnMap":{},"f":{}}
,"E:\\Informatika\\Project\\Vite\\movie-bca\\src\\components\\pages\\explore\\useExplore.tsx": {"path":"E:\\Informatika\\Project\\Vite\\movie-bca\\src\\components\\pages\\explore\\useExplore.tsx","all":false,"statementMap":{"0":{"start":{"line":1,"column":0},"end":{"line":1,"column":60}},"1":{"start":{"line":2,"column":0},"end":{"line":2,"column":57}},"2":{"start":{"line":3,"column":0},"end":{"line":3,"column":49}},"3":{"start":{"line":4,"column":0},"end":{"line":4,"column":37}},"5":{"start":{"line":6,"column":0},"end":{"line":6,"column":26}},"6":{"start":{"line":7,"column":0},"end":{"line":7,"column":33}},"7":{"start":{"line":8,"column":0},"end":{"line":8,"column":33}},"9":{"start":{"line":10,"column":0},"end":{"line":10,"column":54}},"10":{"start":{"line":11,"column":0},"end":{"line":11,"column":49}},"12":{"start":{"line":13,"column":0},"end":{"line":13,"column":46}},"13":{"start":{"line":14,"column":0},"end":{"line":14,"column":59}},"14":{"start":{"line":15,"column":0},"end":{"line":15,"column":63}},"16":{"start":{"line":17,"column":0},"end":{"line":17,"column":19}},"17":{"start":{"line":18,"column":0},"end":{"line":18,"column":32}},"18":{"start":{"line":19,"column":0},"end":{"line":19,"column":14}},"20":{"start":{"line":21,"column":0},"end":{"line":21,"column":35}},"21":{"start":{"line":22,"column":0},"end":{"line":22,"column":39}},"22":{"start":{"line":23,"column":0},"end":{"line":23,"column":17}},"23":{"start":{"line":24,"column":0},"end":{"line":24,"column":4}},"25":{"start":{"line":26,"column":0},"end":{"line":26,"column":30}},"26":{"start":{"line":27,"column":0},"end":{"line":27,"column":41}},"27":{"start":{"line":28,"column":0},"end":{"line":28,"column":26}},"28":{"start":{"line":29,"column":0},"end":{"line":29,"column":5}},"30":{"start":{"line":31,"column":0},"end":{"line":31,"column":48}},"31":{"start":{"line":32,"column":0},"end":{"line":32,"column":23}},"32":{"start":{"line":33,"column":0},"end":{"line":33,"column":22}},"33":{"start":{"line":34,"column":0},"end":{"line":34,"column":4}},"35":{"start":{"line":36,"column":0},"end":{"line":36,"column":10}},"36":{"start":{"line":37,"column":0},"end":{"line":37,"column":36}},"37":{"start":{"line":38,"column":0},"end":{"line":38,"column":35}},"38":{"start":{"line":39,"column":0},"end":{"line":39,"column":38}},"39":{"start":{"line":40,"column":0},"end":{"line":40,"column":12}},"40":{"start":{"line":41,"column":0},"end":{"line":41,"column":9}},"41":{"start":{"line":42,"column":0},"end":{"line":42,"column":10}},"42":{"start":{"line":43,"column":0},"end":{"line":43,"column":13}},"43":{"start":{"line":44,"column":0},"end":{"line":44,"column":12}},"44":{"start":{"line":45,"column":0},"end":{"line":45,"column":15}},"45":{"start":{"line":46,"column":0},"end":{"line":46,"column":17}},"46":{"start":{"line":47,"column":0},"end":{"line":47,"column":4}},"47":{"start":{"line":48,"column":0},"end":{"line":48,"column":2}},"49":{"start":{"line":50,"column":0},"end":{"line":50,"column":26}}},"s":{"0":1,"1":1,"2":1,"3":1,"5":1,"6":2,"7":2,"9":2,"10":2,"12":2,"13":2,"14":2,"16":2,"17":1,"18":2,"20":2,"21":2,"22":2,"23":2,"25":2,"26":2,"27":2,"28":2,"30":2,"31":0,"32":0,"33":0,"35":2,"36":2,"37":2,"38":2,"39":2,"40":2,"41":2,"42":2,"43":2,"44":2,"45":2,"46":2,"47":2,"49":1},"branchMap":{"0":{"type":"branch","line":6,"loc":{"start":{"line":6,"column":19},"end":{"line":48,"column":2}},"locations":[{"start":{"line":6,"column":19},"end":{"line":48,"column":2}}]},"1":{"type":"branch","line":37,"loc":{"start":{"line":37,"column":25},"end":{"line":37,"column":36}},"locations":[{"start":{"line":37,"column":25},"end":{"line":37,"column":36}}]},"2":{"type":"branch","line":39,"loc":{"start":{"line":39,"column":26},"end":{"line":39,"column":38}},"locations":[{"start":{"line":39,"column":26},"end":{"line":39,"column":38}}]},"3":{"type":"branch","line":17,"loc":{"start":{"line":17,"column":12},"end":{"line":19,"column":5}},"locations":[{"start":{"line":17,"column":12},"end":{"line":19,"column":5}}]},"4":{"type":"branch","line":22,"loc":{"start":{"line":22,"column":4},"end":{"line":22,"column":39}},"locations":[{"start":{"line":22,"column":4},"end":{"line":22,"column":39}}]}},"b":{"0":[2],"1":[0],"2":[0],"3":[1],"4":[1]},"fnMap":{"0":{"name":"useExplore","decl":{"start":{"line":6,"column":19},"end":{"line":48,"column":2}},"loc":{"start":{"line":6,"column":19},"end":{"line":48,"column":2}},"line":6},"1":{"name":"handleSearch","decl":{"start":{"line":31,"column":23},"end":{"line":34,"column":4}},"loc":{"start":{"line":31,"column":23},"end":{"line":34,"column":4}},"line":31}},"f":{"0":2,"1":0}}
,"E:\\Informatika\\Project\\Vite\\movie-bca\\src\\components\\pages\\home\\Homepage.tsx": {"path":"E:\\Informatika\\Project\\Vite\\movie-bca\\src\\components\\pages\\home\\Homepage.tsx","all":false,"statementMap":{"1":{"start":{"line":2,"column":0},"end":{"line":2,"column":69}},"2":{"start":{"line":3,"column":0},"end":{"line":3,"column":32}},"4":{"start":{"line":5,"column":0},"end":{"line":5,"column":34}},"5":{"start":{"line":6,"column":0},"end":{"line":6,"column":9}},"6":{"start":{"line":7,"column":0},"end":{"line":7,"column":21}},"7":{"start":{"line":8,"column":0},"end":{"line":8,"column":21}},"8":{"start":{"line":9,"column":0},"end":{"line":9,"column":21}},"9":{"start":{"line":10,"column":0},"end":{"line":10,"column":21}},"10":{"start":{"line":11,"column":0},"end":{"line":11,"column":22}},"11":{"start":{"line":12,"column":0},"end":{"line":12,"column":22}},"12":{"start":{"line":13,"column":0},"end":{"line":13,"column":22}},"13":{"start":{"line":14,"column":0},"end":{"line":14,"column":22}},"14":{"start":{"line":15,"column":0},"end":{"line":15,"column":16}},"16":{"start":{"line":17,"column":0},"end":{"line":17,"column":10}},"17":{"start":{"line":18,"column":0},"end":{"line":18,"column":9}},"18":{"start":{"line":19,"column":0},"end":{"line":19,"column":19}},"19":{"start":{"line":20,"column":0},"end":{"line":20,"column":36}},"20":{"start":{"line":21,"column":0},"end":{"line":21,"column":36}},"21":{"start":{"line":22,"column":0},"end":{"line":22,"column":26}},"22":{"start":{"line":23,"column":0},"end":{"line":23,"column":27}},"23":{"start":{"line":24,"column":0},"end":{"line":24,"column":8}},"24":{"start":{"line":25,"column":0},"end":{"line":25,"column":19}},"25":{"start":{"line":26,"column":0},"end":{"line":26,"column":36}},"26":{"start":{"line":27,"column":0},"end":{"line":27,"column":36}},"27":{"start":{"line":28,"column":0},"end":{"line":28,"column":22}},"28":{"start":{"line":29,"column":0},"end":{"line":29,"column":23}},"29":{"start":{"line":30,"column":0},"end":{"line":30,"column":8}},"30":{"start":{"line":31,"column":0},"end":{"line":31,"column":19}},"31":{"start":{"line":32,"column":0},"end":{"line":32,"column":37}},"32":{"start":{"line":33,"column":0},"end":{"line":33,"column":37}},"33":{"start":{"line":34,"column":0},"end":{"line":34,"column":24}},"34":{"start":{"line":35,"column":0},"end":{"line":35,"column":25}},"35":{"start":{"line":36,"column":0},"end":{"line":36,"column":8}},"36":{"start":{"line":37,"column":0},"end":{"line":37,"column":19}},"37":{"start":{"line":38,"column":0},"end":{"line":38,"column":37}},"38":{"start":{"line":39,"column":0},"end":{"line":39,"column":37}},"39":{"start":{"line":40,"column":0},"end":{"line":40,"column":23}},"40":{"start":{"line":41,"column":0},"end":{"line":41,"column":24}},"41":{"start":{"line":42,"column":0},"end":{"line":42,"column":8}},"42":{"start":{"line":43,"column":0},"end":{"line":43,"column":10}},"44":{"start":{"line":45,"column":0},"end":{"line":45,"column":2}},"46":{"start":{"line":47,"column":0},"end":{"line":47,"column":24}}},"s":{"1":1,"2":1,"4":1,"5":1,"6":1,"7":1,"8":1,"9":1,"10":1,"11":1,"12":1,"13":1,"14":1,"16":1,"17":1,"18":1,"19":1,"20":1,"21":1,"22":1,"23":1,"24":1,"25":1,"26":1,"27":1,"28":1,"29":1,"30":1,"31":1,"32":1,"33":1,"34":1,"35":1,"36":1,"37":1,"38":1,"39":1,"40":1,"41":1,"42":1,"44":1,"46":1},"branchMap":{"0":{"type":"branch","line":5,"loc":{"start":{"line":5,"column":27},"end":{"line":45,"column":2}},"locations":[{"start":{"line":5,"column":27},"end":{"line":45,"column":2}}]}},"b":{"0":[1]},"fnMap":{"0":{"name":"Homepage","decl":{"start":{"line":5,"column":27},"end":{"line":45,"column":2}},"loc":{"start":{"line":5,"column":27},"end":{"line":45,"column":2}},"line":5}},"f":{"0":1}}
,"E:\\Informatika\\Project\\Vite\\movie-bca\\src\\components\\pages\\home\\helper.ts": {"path":"E:\\Informatika\\Project\\Vite\\movie-bca\\src\\components\\pages\\home\\helper.ts","all":false,"statementMap":{"0":{"start":{"line":1,"column":0},"end":{"line":1,"column":56}},"2":{"start":{"line":3,"column":0},"end":{"line":3,"column":61}},"3":{"start":{"line":4,"column":0},"end":{"line":4,"column":7}},"4":{"start":{"line":5,"column":0},"end":{"line":5,"column":57}},"5":{"start":{"line":6,"column":0},"end":{"line":6,"column":30}},"6":{"start":{"line":7,"column":0},"end":{"line":7,"column":21}},"7":{"start":{"line":8,"column":0},"end":{"line":8,"column":3}},"8":{"start":{"line":9,"column":0},"end":{"line":9,"column":2}}},"s":{"0":1,"2":1,"3":4,"4":4,"5":4,"6":0,"7":0,"8":4},"branchMap":{"0":{"type":"branch","line":3,"loc":{"start":{"line":3,"column":18},"end":{"line":9,"column":2}},"locations":[{"start":{"line":3,"column":18},"end":{"line":9,"column":2}}]},"1":{"type":"branch","line":6,"loc":{"start":{"line":6,"column":2},"end":{"line":8,"column":3}},"locations":[{"start":{"line":6,"column":2},"end":{"line":8,"column":3}}]}},"b":{"0":[4],"1":[0]},"fnMap":{"0":{"name":"getMovies","decl":{"start":{"line":3,"column":18},"end":{"line":9,"column":2}},"loc":{"start":{"line":3,"column":18},"end":{"line":9,"column":2}},"line":3}},"f":{"0":4}}
,"E:\\Informatika\\Project\\Vite\\movie-bca\\src\\components\\pages\\home\\index.tsx": {"path":"E:\\Informatika\\Project\\Vite\\movie-bca\\src\\components\\pages\\home\\index.tsx","all":false,"statementMap":{"0":{"start":{"line":1,"column":0},"end":{"line":1,"column":34}},"2":{"start":{"line":3,"column":0},"end":{"line":3,"column":24}}},"s":{"0":1,"2":1},"branchMap":{},"b":{},"fnMap":{},"f":{}}
,"E:\\Informatika\\Project\\Vite\\movie-bca\\src\\components\\pages\\home\\useHome.tsx": {"path":"E:\\Informatika\\Project\\Vite\\movie-bca\\src\\components\\pages\\home\\useHome.tsx","all":false,"statementMap":{"0":{"start":{"line":1,"column":0},"end":{"line":1,"column":49}},"1":{"start":{"line":2,"column":0},"end":{"line":2,"column":37}},"4":{"start":{"line":5,"column":0},"end":{"line":5,"column":45}},"5":{"start":{"line":6,"column":0},"end":{"line":6,"column":47}},"6":{"start":{"line":7,"column":0},"end":{"line":7,"column":34}},"7":{"start":{"line":8,"column":0},"end":{"line":8,"column":42}},"8":{"start":{"line":9,"column":0},"end":{"line":9,"column":5}},"9":{"start":{"line":10,"column":0},"end":{"line":10,"column":2}},"11":{"start":{"line":12,"column":0},"end":{"line":12,"column":23}},"12":{"start":{"line":13,"column":0},"end":{"line":13,"column":50}},"13":{"start":{"line":14,"column":0},"end":{"line":14,"column":43}},"14":{"start":{"line":15,"column":0},"end":{"line":15,"column":46}},"15":{"start":{"line":16,"column":0},"end":{"line":16,"column":45}},"17":{"start":{"line":18,"column":0},"end":{"line":18,"column":10}},"18":{"start":{"line":19,"column":0},"end":{"line":19,"column":50}},"19":{"start":{"line":20,"column":0},"end":{"line":20,"column":43}},"20":{"start":{"line":21,"column":0},"end":{"line":21,"column":47}},"21":{"start":{"line":22,"column":0},"end":{"line":22,"column":40}},"22":{"start":{"line":23,"column":0},"end":{"line":23,"column":49}},"23":{"start":{"line":24,"column":0},"end":{"line":24,"column":42}},"24":{"start":{"line":25,"column":0},"end":{"line":25,"column":49}},"25":{"start":{"line":26,"column":0},"end":{"line":26,"column":42}},"26":{"start":{"line":27,"column":0},"end":{"line":27,"column":4}},"27":{"start":{"line":28,"column":0},"end":{"line":28,"column":2}},"29":{"start":{"line":30,"column":0},"end":{"line":30,"column":23}}},"s":{"0":1,"1":1,"4":1,"5":4,"6":4,"7":4,"8":4,"9":4,"11":1,"12":1,"13":1,"14":1,"15":1,"17":1,"18":1,"19":1,"20":1,"21":1,"22":1,"23":1,"24":1,"25":1,"26":1,"27":1,"29":1},"branchMap":{"0":{"type":"branch","line":5,"loc":{"start":{"line":5,"column":22},"end":{"line":10,"column":2}},"locations":[{"start":{"line":5,"column":22},"end":{"line":10,"column":2}}]},"1":{"type":"branch","line":8,"loc":{"start":{"line":8,"column":13},"end":{"line":8,"column":42}},"locations":[{"start":{"line":8,"column":13},"end":{"line":8,"column":42}}]},"2":{"type":"branch","line":12,"loc":{"start":{"line":12,"column":16},"end":{"line":28,"column":2}},"locations":[{"start":{"line":12,"column":16},"end":{"line":28,"column":2}}]},"3":{"type":"branch","line":19,"loc":{"start":{"line":19,"column":33},"end":{"line":19,"column":47}},"locations":[{"start":{"line":19,"column":33},"end":{"line":19,"column":47}}]},"4":{"type":"branch","line":21,"loc":{"start":{"line":21,"column":30},"end":{"line":21,"column":44}},"locations":[{"start":{"line":21,"column":30},"end":{"line":21,"column":44}}]},"5":{"type":"branch","line":23,"loc":{"start":{"line":23,"column":32},"end":{"line":23,"column":46}},"locations":[{"start":{"line":23,"column":32},"end":{"line":23,"column":46}}]},"6":{"type":"branch","line":25,"loc":{"start":{"line":25,"column":32},"end":{"line":25,"column":46}},"locations":[{"start":{"line":25,"column":32},"end":{"line":25,"column":46}}]}},"b":{"0":[4],"1":[4],"2":[1],"3":[0],"4":[0],"5":[0],"6":[0]},"fnMap":{"0":{"name":"useMovieQuery","decl":{"start":{"line":5,"column":22},"end":{"line":10,"column":2}},"loc":{"start":{"line":5,"column":22},"end":{"line":10,"column":2}},"line":5},"1":{"name":"queryFn","decl":{"start":{"line":8,"column":13},"end":{"line":8,"column":42}},"loc":{"start":{"line":8,"column":13},"end":{"line":8,"column":42}},"line":8},"2":{"name":"useHome","decl":{"start":{"line":12,"column":16},"end":{"line":28,"column":2}},"loc":{"start":{"line":12,"column":16},"end":{"line":28,"column":2}},"line":12}},"f":{"0":4,"1":4,"2":1}}
,"E:\\Informatika\\Project\\Vite\\movie-bca\\src\\components\\ui\\Button\\Button.tsx": {"path":"E:\\Informatika\\Project\\Vite\\movie-bca\\src\\components\\ui\\Button\\Button.tsx","all":false,"statementMap":{"2":{"start":{"line":3,"column":0},"end":{"line":3,"column":49}},"3":{"start":{"line":4,"column":0},"end":{"line":4,"column":54}},"4":{"start":{"line":5,"column":0},"end":{"line":5,"column":2}},"6":{"start":{"line":7,"column":0},"end":{"line":7,"column":22}}},"s":{"2":1,"3":7,"4":7,"6":1},"branchMap":{"0":{"type":"branch","line":3,"loc":{"start":{"line":3,"column":15},"end":{"line":5,"column":2}},"locations":[{"start":{"line":3,"column":15},"end":{"line":5,"column":2}}]}},"b":{"0":[7]},"fnMap":{"0":{"name":"Button","decl":{"start":{"line":3,"column":15},"end":{"line":5,"column":2}},"loc":{"start":{"line":3,"column":15},"end":{"line":5,"column":2}},"line":3}},"f":{"0":7}}
,"E:\\Informatika\\Project\\Vite\\movie-bca\\src\\components\\ui\\Button\\index.tsx": {"path":"E:\\Informatika\\Project\\Vite\\movie-bca\\src\\components\\ui\\Button\\index.tsx","all":false,"statementMap":{"0":{"start":{"line":1,"column":0},"end":{"line":1,"column":30}},"2":{"start":{"line":3,"column":0},"end":{"line":3,"column":22}}},"s":{"0":1,"2":1},"branchMap":{},"b":{},"fnMap":{},"f":{}}
,"E:\\Informatika\\Project\\Vite\\movie-bca\\src\\components\\ui\\Card\\Card.tsx": {"path":"E:\\Informatika\\Project\\Vite\\movie-bca\\src\\components\\ui\\Card\\Card.tsx","all":false,"statementMap":{"2":{"start":{"line":3,"column":0},"end":{"line":3,"column":45}},"3":{"start":{"line":4,"column":0},"end":{"line":4,"column":46}},"5":{"start":{"line":6,"column":0},"end":{"line":6,"column":10}},"6":{"start":{"line":7,"column":0},"end":{"line":7,"column":8}},"7":{"start":{"line":8,"column":0},"end":{"line":8,"column":78}},"8":{"start":{"line":9,"column":0},"end":{"line":9,"column":61}},"10":{"start":{"line":11,"column":0},"end":{"line":11,"column":10}},"11":{"start":{"line":12,"column":0},"end":{"line":12,"column":69}},"12":{"start":{"line":13,"column":0},"end":{"line":13,"column":26}},"13":{"start":{"line":14,"column":0},"end":{"line":14,"column":8}},"14":{"start":{"line":15,"column":0},"end":{"line":15,"column":44}},"15":{"start":{"line":16,"column":0},"end":{"line":16,"column":29}},"16":{"start":{"line":17,"column":0},"end":{"line":17,"column":48}},"17":{"start":{"line":18,"column":0},"end":{"line":18,"column":12}},"18":{"start":{"line":19,"column":0},"end":{"line":19,"column":10}},"20":{"start":{"line":21,"column":0},"end":{"line":21,"column":2}},"22":{"start":{"line":23,"column":0},"end":{"line":23,"column":20}}},"s":{"2":1,"3":21,"5":21,"6":21,"7":21,"8":21,"10":21,"11":21,"12":21,"13":21,"14":21,"15":21,"16":21,"17":21,"18":21,"20":21,"22":1},"branchMap":{"0":{"type":"branch","line":3,"loc":{"start":{"line":3,"column":13},"end":{"line":21,"column":2}},"locations":[{"start":{"line":3,"column":13},"end":{"line":21,"column":2}}]}},"b":{"0":[21]},"fnMap":{"0":{"name":"Card","decl":{"start":{"line":3,"column":13},"end":{"line":21,"column":2}},"loc":{"start":{"line":3,"column":13},"end":{"line":21,"column":2}},"line":3},"1":{"name":"onClick","decl":{"start":{"line":9,"column":15},"end":{"line":9,"column":61}},"loc":{"start":{"line":9,"column":15},"end":{"line":9,"column":61}},"line":9}},"f":{"0":21,"1":0}}
,"E:\\Informatika\\Project\\Vite\\movie-bca\\src\\components\\ui\\Card\\index.tsx": {"path":"E:\\Informatika\\Project\\Vite\\movie-bca\\src\\components\\ui\\Card\\index.tsx","all":false,"statementMap":{"0":{"start":{"line":1,"column":0},"end":{"line":1,"column":26}},"2":{"start":{"line":3,"column":0},"end":{"line":3,"column":20}}},"s":{"0":1,"2":1},"branchMap":{},"b":{},"fnMap":{},"f":{}}
,"E:\\Informatika\\Project\\Vite\\movie-bca\\src\\components\\ui\\Input\\Input.tsx": {"path":"E:\\Informatika\\Project\\Vite\\movie-bca\\src\\components\\ui\\Input\\Input.tsx","all":false,"statementMap":{"2":{"start":{"line":3,"column":0},"end":{"line":3,"column":47}},"3":{"start":{"line":4,"column":0},"end":{"line":4,"column":30}},"4":{"start":{"line":5,"column":0},"end":{"line":5,"column":2}},"6":{"start":{"line":7,"column":0},"end":{"line":7,"column":21}}},"s":{"2":1,"3":6,"4":6,"6":1},"branchMap":{"0":{"type":"branch","line":3,"loc":{"start":{"line":3,"column":14},"end":{"line":5,"column":2}},"locations":[{"start":{"line":3,"column":14},"end":{"line":5,"column":2}}]}},"b":{"0":[6]},"fnMap":{"0":{"name":"Input","decl":{"start":{"line":3,"column":14},"end":{"line":5,"column":2}},"loc":{"start":{"line":3,"column":14},"end":{"line":5,"column":2}},"line":3}},"f":{"0":6}}
,"E:\\Informatika\\Project\\Vite\\movie-bca\\src\\components\\ui\\Input\\index.tsx": {"path":"E:\\Informatika\\Project\\Vite\\movie-bca\\src\\components\\ui\\Input\\index.tsx","all":false,"statementMap":{"0":{"start":{"line":1,"column":0},"end":{"line":1,"column":28}},"2":{"start":{"line":3,"column":0},"end":{"line":3,"column":21}}},"s":{"0":1,"2":1},"branchMap":{},"b":{},"fnMap":{},"f":{}}
,"E:\\Informatika\\Project\\Vite\\movie-bca\\src\\components\\ui\\Skeleton\\Loader.tsx": {"path":"E:\\Informatika\\Project\\Vite\\movie-bca\\src\\components\\ui\\Skeleton\\Loader.tsx","all":false,"statementMap":{"0":{"start":{"line":1,"column":0},"end":{"line":1,"column":36}},"2":{"start":{"line":3,"column":0},"end":{"line":3,"column":41}},"5":{"start":{"line":6,"column":0},"end":{"line":6,"column":57}},"6":{"start":{"line":7,"column":0},"end":{"line":7,"column":64}},"7":{"start":{"line":8,"column":0},"end":{"line":8,"column":10}},"8":{"start":{"line":9,"column":0},"end":{"line":9,"column":8}},"9":{"start":{"line":10,"column":0},"end":{"line":10,"column":46}},"10":{"start":{"line":11,"column":0},"end":{"line":11,"column":45}},"11":{"start":{"line":12,"column":0},"end":{"line":12,"column":9}},"12":{"start":{"line":13,"column":0},"end":{"line":13,"column":14}},"13":{"start":{"line":14,"column":0},"end":{"line":14,"column":28}},"14":{"start":{"line":15,"column":0},"end":{"line":15,"column":30}},"15":{"start":{"line":16,"column":0},"end":{"line":16,"column":36}},"16":{"start":{"line":17,"column":0},"end":{"line":17,"column":8}},"17":{"start":{"line":18,"column":0},"end":{"line":18,"column":6}},"19":{"start":{"line":20,"column":0},"end":{"line":20,"column":2}},"21":{"start":{"line":22,"column":0},"end":{"line":22,"column":30}}},"s":{"0":1,"2":1,"5":1,"6":9,"7":9,"8":9,"9":9,"10":9,"11":9,"12":9,"13":9,"14":9,"15":9,"16":9,"17":9,"19":9,"21":1},"branchMap":{"0":{"type":"branch","line":6,"loc":{"start":{"line":6,"column":23},"end":{"line":20,"column":2}},"locations":[{"start":{"line":6,"column":23},"end":{"line":20,"column":2}}]}},"b":{"0":[9]},"fnMap":{"0":{"name":"LoaderSkeleton","decl":{"start":{"line":6,"column":23},"end":{"line":20,"column":2}},"loc":{"start":{"line":6,"column":23},"end":{"line":20,"column":2}},"line":6}},"f":{"0":9}}
,"E:\\Informatika\\Project\\Vite\\movie-bca\\src\\components\\ui\\Skeleton\\index.tsx": {"path":"E:\\Informatika\\Project\\Vite\\movie-bca\\src\\components\\ui\\Skeleton\\index.tsx","all":false,"statementMap":{"0":{"start":{"line":1,"column":0},"end":{"line":1,"column":38}},"2":{"start":{"line":3,"column":0},"end":{"line":3,"column":30}}},"s":{"0":1,"2":1},"branchMap":{},"b":{},"fnMap":{},"f":{}}
}
